#
# A fatal error has been detected by the Java Runtime Environment:
#
#  EXCEPTION_ACCESS_VIOLATION (0xc0000005) at pc=0x00007ff993e67907, pid=5028, tid=14232
#
# JRE version: Java(TM) SE Runtime Environment (11.0.6+8) (build 11.0.6+8-LTS)
# Java VM: Java HotSpot(TM) 64-Bit Server VM (11.0.6+8-LTS, mixed mode, tiered, compressed oops, g1 gc, windows-amd64)
# Problematic frame:
# C  [ntdll.dll+0x47907]
#
# No core dump will be written. Minidumps are not enabled by default on client versions of Windows
#
# If you would like to submit a bug report, please visit:
#   http://bugreport.java.com/bugreport/crash.jsp
# The crash happened outside the Java Virtual Machine in native code.
# See problematic frame for where to report the bug.
#

---------------  S U M M A R Y ------------

Command Line: -javaagent:A:\IntelijUltimate\IntelliJ IDEA 2019.1.2\lib\idea_rt.jar=56677:A:\IntelijUltimate\IntelliJ IDEA 2019.1.2\bin -Dfile.encoding=UTF-8 org.academiadecodigo.apiores.bravoteam.desktop.DesktopLauncher

Host: Intel(R) Core(TM) i3-4160 CPU @ 3.60GHz, 4 cores, 7G,  Windows 10 , 64 bit Build 18362 (10.0.18362.329)
Time: Thu Apr 16 17:43:27 2020 Azores Daylight Time elapsed time: 26 seconds (0d 0h 0m 26s)

---------------  T H R E A D  ---------------

Current thread (0x00000157dc293000):  JavaThread "LWJGL Application" [_thread_in_native, id=14232, stack(0x000000044d300000,0x000000044d400000)]

Stack: [0x000000044d300000,0x000000044d400000],  sp=0x000000044d3feb60,  free space=1018k
Native frames: (J=compiled Java code, j=interpreted, Vv=VM code, C=native code)
C  [ntdll.dll+0x47907]
C  [ntdll.dll+0x44cfd]
C  [ntdll.dll+0x41eb3]
C  [ntdll.dll+0x40810]
C  [ntdll.dll+0x3fc11]
C  [msvcrt.dll+0x19cfc]
C  0x00000157c4f3f037

Java frames: (J=compiled Java code, j=interpreted, Vv=VM code)
j  com.badlogic.gdx.utils.BufferUtils.freeMemory(Ljava/nio/ByteBuffer;)V+0
j  com.badlogic.gdx.utils.BufferUtils.disposeUnsafeByteBuffer(Ljava/nio/ByteBuffer;)V+51
j  com.badlogic.gdx.graphics.glutils.VertexArray.dispose()V+4
j  com.badlogic.gdx.graphics.Mesh.dispose()V+38
j  com.badlogic.gdx.graphics.g2d.SpriteBatch.dispose()V+4
j  org.academiadecodigo.apiores.bravoteam.Intro.B2B.dispose()V+4
j  com.badlogic.gdx.backends.lwjgl.LwjglApplication.mainLoop()V+918
j  com.badlogic.gdx.backends.lwjgl.LwjglApplication$1.run()V+27
v  ~StubRoutines::call_stub

siginfo: EXCEPTION_ACCESS_VIOLATION (0xc0000005), writing address 0x00000000fefffff7


Register to memory mapping:

RIP=0x00007ff993e67907 ntdll.dll
RAX=
[error occurred during error reporting (printing register info), id 0xc0000005, EXCEPTION_ACCESS_VIOLATION (0xc0000005) at pc=0x00007ff937ac2f56]

Registers:
RAX=0x00000000b3504f4c, RBX=0x00000157baa60000, RCX=0x000000007ffe038a, RDX=0x0000000000000000
RSP=0x000000044d3feb60, RBP=0x00000157baa60150, RSI=0x00000000feffffff, RDI=0x00000157baa60000
R8 =0x000000044d3feac8, R9 =0x0000000000004000, R10=0x0000000000000000, R11=0x0000000000000246
R12=0x0000000000000000, R13=0x0000000000000000, R14=0x00000157dc4aff40, R15=0x0000000000000000
RIP=0x00007ff993e67907, EFLAGS=0x0000000000010206

Top of Stack: (sp=0x000000044d3feb60)
0x000000044d3feb60:   00000000000a8000 00000157dc4cb000
0x000000044d3feb70:   00000157baa60000 00000157dc4ca6e0
0x000000044d3feb80:   0000000000047dd0 00007ff993e64cfd
0x000000044d3feb90:   00000157baa60000 000000044d3febf9
0x000000044d3feba0:   00000157dc4aff40 00000157dc4aff40
0x000000044d3febb0:   000000044d3fed70 000000044d3fed79
0x000000044d3febc0:   000000044d3fed80 00007ff937d0434b
0x000000044d3febd0:   00000157db572c58 00000157dc293000
0x000000044d3febe0:   0000000088f86610 0000000000000000
0x000000044d3febf0:   0000000000000010 0000000088f86614
0x000000044d3fec00:   00000157dc293000 00007ff937d038fa
0x000000044d3fec10:   0000000088f86610 0000000000000001
0x000000044d3fec20:   0000000000000000 00000157dc4c37d0
0x000000044d3fec30:   0000000000000000 0000000000000001
0x000000044d3fec40:   00000000000000ec 00000157dc4aff40
0x000000044d3fec50:   00000157baa60000 00007ff993e61eb3 

Instructions: (pc=0x00007ff993e67907)
0x00007ff993e678e7:   20 48 8d a9 50 01 00 00 48 8b f9 48 8b 75 08 48
0x00007ff993e678f7:   3b f5 74 7c 83 7f 7c 00 74 1b 8b 87 88 00 00 00
0x00007ff993e67907:   31 46 f8 8a 46 fa 32 46 f9 32 46 f8 38 46 fb 0f
0x00007ff993e67917:   85 de 00 07 00 b8 00 01 00 00 66 39 46 f8 76 35 


Stack slot to memory mapping:
stack at sp + 0 slots: 0x00000000000a8000 is an unknown value
stack at sp + 1 slots: 0x00000157dc4cb000 is an unknown value
stack at sp + 2 slots: 0x00000157baa60000 points into unknown readable memory: 00 00 00 00 00 00 00 00
stack at sp + 3 slots: 0x00000157dc4ca6e0 points into unknown readable memory: cb f8 8c 43 00 00 13 43
stack at sp + 4 slots: 0x0000000000047dd0 is an unknown value
stack at sp + 5 slots: 0x00007ff993e64cfd ntdll.dll
stack at sp + 6 slots: 0x00000157baa60000 points into unknown readable memory: 00 00 00 00 00 00 00 00
stack at sp + 7 slots: 0x000000044d3febf9 is pointing into the stack for thread: 0x00000157dc293000


---------------  P R O C E S S  ---------------

Threads class SMR info:
_java_thread_list=0x00000157dc28a990, length=13, elements={
0x00000157daf78000, 0x00000157daf79800, 0x00000157db7e3800, 0x00000157db7e4800,
0x00000157db7e5800, 0x00000157db7ea800, 0x00000157db7ed000, 0x00000157daf20000,
0x00000157dbb24800, 0x00000157dbb25800, 0x00000157dc293000, 0x00000157bcbaf000,
0x00000157dded2000
}

Java Threads: ( => current thread )
  0x00000157daf78000 JavaThread "Reference Handler" daemon [_thread_blocked, id=11268, stack(0x000000044c600000,0x000000044c700000)]
  0x00000157daf79800 JavaThread "Finalizer" daemon [_thread_blocked, id=7196, stack(0x000000044c700000,0x000000044c800000)]
  0x00000157db7e3800 JavaThread "Signal Dispatcher" daemon [_thread_blocked, id=13936, stack(0x000000044c800000,0x000000044c900000)]
  0x00000157db7e4800 JavaThread "Attach Listener" daemon [_thread_blocked, id=12836, stack(0x000000044c900000,0x000000044ca00000)]
  0x00000157db7e5800 JavaThread "C2 CompilerThread0" daemon [_thread_blocked, id=4160, stack(0x000000044ca00000,0x000000044cb00000)]
  0x00000157db7ea800 JavaThread "C1 CompilerThread0" daemon [_thread_blocked, id=14540, stack(0x000000044cb00000,0x000000044cc00000)]
  0x00000157db7ed000 JavaThread "Sweeper thread" daemon [_thread_blocked, id=4108, stack(0x000000044cc00000,0x000000044cd00000)]
  0x00000157daf20000 JavaThread "Common-Cleaner" daemon [_thread_blocked, id=7916, stack(0x000000044cd00000,0x000000044ce00000)]
  0x00000157dbb24800 JavaThread "Monitor Ctrl-Break" daemon [_thread_in_native, id=14864, stack(0x000000044ce00000,0x000000044cf00000)]
  0x00000157dbb25800 JavaThread "Service Thread" daemon [_thread_blocked, id=10024, stack(0x000000044cf00000,0x000000044d000000)]
=>0x00000157dc293000 JavaThread "LWJGL Application" [_thread_in_native, id=14232, stack(0x000000044d300000,0x000000044d400000)]
  0x00000157bcbaf000 JavaThread "DestroyJavaVM" [_thread_blocked, id=9752, stack(0x000000044bf00000,0x000000044c000000)]
  0x00000157dded2000 JavaThread "LWJGL Timer" daemon [_thread_blocked, id=7760, stack(0x000000044dd00000,0x000000044de00000)]

Other Threads:
  0x00000157db7a1800 VMThread "VM Thread" [stack: 0x000000044c500000,0x000000044c600000] [id=13164]
  0x00000157dbb26000 WatcherThread [stack: 0x000000044d000000,0x000000044d100000] [id=13408]
  0x00000157bcbc4800 GCTaskThread "GC Thread#0" [stack: 0x000000044c000000,0x000000044c100000] [id=13324]
  0x00000157de043000 GCTaskThread "GC Thread#1" [stack: 0x000000044d900000,0x000000044da00000] [id=3048]
  0x00000157de043800 GCTaskThread "GC Thread#2" [stack: 0x000000044da00000,0x000000044db00000] [id=13612]
  0x00000157de044800 GCTaskThread "GC Thread#3" [stack: 0x000000044db00000,0x000000044dc00000] [id=14812]
  0x00000157bcbf3000 ConcurrentGCThread "G1 Main Marker" [stack: 0x000000044c100000,0x000000044c200000] [id=13416]
  0x00000157bcbf4800 ConcurrentGCThread "G1 Conc#0" [stack: 0x000000044c200000,0x000000044c300000] [id=9932]
  0x00000157dadcd800 ConcurrentGCThread "G1 Refine#0" [stack: 0x000000044c300000,0x000000044c400000] [id=13928]
  0x00000157dadce800 ConcurrentGCThread "G1 Young RemSet Sampling" [stack: 0x000000044c400000,0x000000044c500000] [id=2096]

Threads with active compile tasks:

VM state:not at safepoint (normal execution)

VM Mutex/Monitor currently owned by a thread: None

Heap address: 0x0000000081e00000, size: 2018 MB, Compressed Oops mode: 32-bit
Narrow klass base: 0x0000000000000000, Narrow klass shift: 3
Compressed class space size: 1073741824 Address: 0x0000000100000000

Heap:
 garbage-first heap   total 131072K, used 25147K [0x0000000081e00000, 0x0000000100000000)
  region size 1024K, 8 young (8192K), 2 survivors (2048K)
 Metaspace       used 12596K, capacity 12776K, committed 12928K, reserved 1060864K
  class space    used 1037K, capacity 1115K, committed 1152K, reserved 1048576K
Heap Regions: E=young(eden), S=young(survivor), O=old, HS=humongous(starts), HC=humongous(continues), CS=collection set, F=free, A=archive, TAMS=top-at-mark-start (previous, next)
|   0|0x0000000081e00000, 0x0000000081f00000, 0x0000000081f00000|100%|HS|  |TAMS 0x0000000081e00000, 0x0000000081e00000| Complete 
|   1|0x0000000081f00000, 0x0000000082000000, 0x0000000082000000|100%|HC|  |TAMS 0x0000000081f00000, 0x0000000081f00000| Complete 
|   2|0x0000000082000000, 0x0000000082100000, 0x0000000082100000|100%|HS|  |TAMS 0x0000000082000000, 0x0000000082000000| Complete 
|   3|0x0000000082100000, 0x0000000082100000, 0x0000000082200000|  0%| F|  |TAMS 0x0000000082100000, 0x0000000082100000| Untracked 
|   4|0x0000000082200000, 0x000000008228ec00, 0x0000000082300000| 55%| O|  |TAMS 0x0000000082200000, 0x0000000082200000| Untracked 
|   5|0x0000000082300000, 0x0000000082400000, 0x0000000082400000|100%|HS|  |TAMS 0x0000000082300000, 0x0000000082300000| Complete 
|   6|0x0000000082400000, 0x0000000082500000, 0x0000000082500000|100%|HC|  |TAMS 0x0000000082400000, 0x0000000082400000| Complete 
|   7|0x0000000082500000, 0x0000000082600000, 0x0000000082600000|100%|HS|  |TAMS 0x0000000082500000, 0x0000000082500000| Complete 
|   8|0x0000000082600000, 0x0000000082700000, 0x0000000082700000|100%|HC|  |TAMS 0x0000000082600000, 0x0000000082600000| Complete 
|   9|0x0000000082700000, 0x0000000082800000, 0x0000000082800000|100%|HC|  |TAMS 0x0000000082700000, 0x0000000082700000| Complete 
|  10|0x0000000082800000, 0x0000000082900000, 0x0000000082900000|100%|HS|  |TAMS 0x0000000082800000, 0x0000000082800000| Complete 
|  11|0x0000000082900000, 0x0000000082a00000, 0x0000000082a00000|100%|HC|  |TAMS 0x0000000082900000, 0x0000000082900000| Complete 
|  12|0x0000000082a00000, 0x0000000082b00000, 0x0000000082b00000|100%|HC|  |TAMS 0x0000000082a00000, 0x0000000082a00000| Complete 
|  13|0x0000000082b00000, 0x0000000082c00000, 0x0000000082c00000|100%|HC|  |TAMS 0x0000000082b00000, 0x0000000082b00000| Complete 
|  14|0x0000000082c00000, 0x0000000082d00000, 0x0000000082d00000|100%|HC|  |TAMS 0x0000000082c00000, 0x0000000082c00000| Complete 
|  15|0x0000000082d00000, 0x0000000082e00000, 0x0000000082e00000|100%|HS|  |TAMS 0x0000000082d00000, 0x0000000082d00000| Complete 
|  16|0x0000000082e00000, 0x0000000082f00000, 0x0000000082f00000|100%|HC|  |TAMS 0x0000000082e00000, 0x0000000082e00000| Complete 
|  17|0x0000000082f00000, 0x0000000083000000, 0x0000000083000000|100%|HC|  |TAMS 0x0000000082f00000, 0x0000000082f00000| Complete 
|  18|0x0000000083000000, 0x0000000083100000, 0x0000000083100000|100%|HC|  |TAMS 0x0000000083000000, 0x0000000083000000| Complete 
|  19|0x0000000083100000, 0x0000000083100000, 0x0000000083200000|  0%| F|  |TAMS 0x0000000083100000, 0x0000000083100000| Untracked 
|  20|0x0000000083200000, 0x0000000083200000, 0x0000000083300000|  0%| F|  |TAMS 0x0000000083200000, 0x0000000083200000| Untracked 
|  21|0x0000000083300000, 0x0000000083300000, 0x0000000083400000|  0%| F|  |TAMS 0x0000000083300000, 0x0000000083300000| Untracked 
|  22|0x0000000083400000, 0x0000000083400000, 0x0000000083500000|  0%| F|  |TAMS 0x0000000083400000, 0x0000000083400000| Untracked 
|  23|0x0000000083500000, 0x0000000083500000, 0x0000000083600000|  0%| F|  |TAMS 0x0000000083500000, 0x0000000083500000| Untracked 
|  24|0x0000000083600000, 0x0000000083600000, 0x0000000083700000|  0%| F|  |TAMS 0x0000000083600000, 0x0000000083600000| Untracked 
|  25|0x0000000083700000, 0x0000000083700000, 0x0000000083800000|  0%| F|  |TAMS 0x0000000083700000, 0x0000000083700000| Untracked 
|  26|0x0000000083800000, 0x0000000083800000, 0x0000000083900000|  0%| F|  |TAMS 0x0000000083800000, 0x0000000083800000| Untracked 
|  27|0x0000000083900000, 0x0000000083900000, 0x0000000083a00000|  0%| F|  |TAMS 0x0000000083900000, 0x0000000083900000| Untracked 
|  28|0x0000000083a00000, 0x0000000083a00000, 0x0000000083b00000|  0%| F|  |TAMS 0x0000000083a00000, 0x0000000083a00000| Untracked 
|  29|0x0000000083b00000, 0x0000000083b00000, 0x0000000083c00000|  0%| F|  |TAMS 0x0000000083b00000, 0x0000000083b00000| Untracked 
|  30|0x0000000083c00000, 0x0000000083c00000, 0x0000000083d00000|  0%| F|  |TAMS 0x0000000083c00000, 0x0000000083c00000| Untracked 
|  31|0x0000000083d00000, 0x0000000083d00000, 0x0000000083e00000|  0%| F|  |TAMS 0x0000000083d00000, 0x0000000083d00000| Untracked 
|  32|0x0000000083e00000, 0x0000000083e00000, 0x0000000083f00000|  0%| F|  |TAMS 0x0000000083e00000, 0x0000000083e00000| Untracked 
|  33|0x0000000083f00000, 0x0000000083f00000, 0x0000000084000000|  0%| F|  |TAMS 0x0000000083f00000, 0x0000000083f00000| Untracked 
|  34|0x0000000084000000, 0x0000000084000000, 0x0000000084100000|  0%| F|  |TAMS 0x0000000084000000, 0x0000000084000000| Untracked 
|  35|0x0000000084100000, 0x0000000084100000, 0x0000000084200000|  0%| F|  |TAMS 0x0000000084100000, 0x0000000084100000| Untracked 
|  36|0x0000000084200000, 0x0000000084200000, 0x0000000084300000|  0%| F|  |TAMS 0x0000000084200000, 0x0000000084200000| Untracked 
|  37|0x0000000084300000, 0x0000000084300000, 0x0000000084400000|  0%| F|  |TAMS 0x0000000084300000, 0x0000000084300000| Untracked 
|  38|0x0000000084400000, 0x0000000084400000, 0x0000000084500000|  0%| F|  |TAMS 0x0000000084400000, 0x0000000084400000| Untracked 
|  39|0x0000000084500000, 0x0000000084500000, 0x0000000084600000|  0%| F|  |TAMS 0x0000000084500000, 0x0000000084500000| Untracked 
|  40|0x0000000084600000, 0x0000000084600000, 0x0000000084700000|  0%| F|  |TAMS 0x0000000084600000, 0x0000000084600000| Untracked 
|  41|0x0000000084700000, 0x0000000084700000, 0x0000000084800000|  0%| F|  |TAMS 0x0000000084700000, 0x0000000084700000| Untracked 
|  42|0x0000000084800000, 0x0000000084800000, 0x0000000084900000|  0%| F|  |TAMS 0x0000000084800000, 0x0000000084800000| Untracked 
|  43|0x0000000084900000, 0x0000000084900000, 0x0000000084a00000|  0%| F|  |TAMS 0x0000000084900000, 0x0000000084900000| Untracked 
|  44|0x0000000084a00000, 0x0000000084a00000, 0x0000000084b00000|  0%| F|  |TAMS 0x0000000084a00000, 0x0000000084a00000| Untracked 
|  45|0x0000000084b00000, 0x0000000084b00000, 0x0000000084c00000|  0%| F|  |TAMS 0x0000000084b00000, 0x0000000084b00000| Untracked 
|  46|0x0000000084c00000, 0x0000000084c00000, 0x0000000084d00000|  0%| F|  |TAMS 0x0000000084c00000, 0x0000000084c00000| Untracked 
|  47|0x0000000084d00000, 0x0000000084d00000, 0x0000000084e00000|  0%| F|  |TAMS 0x0000000084d00000, 0x0000000084d00000| Untracked 
|  48|0x0000000084e00000, 0x0000000084e00000, 0x0000000084f00000|  0%| F|  |TAMS 0x0000000084e00000, 0x0000000084e00000| Untracked 
|  49|0x0000000084f00000, 0x0000000084f00000, 0x0000000085000000|  0%| F|  |TAMS 0x0000000084f00000, 0x0000000084f00000| Untracked 
|  50|0x0000000085000000, 0x0000000085000000, 0x0000000085100000|  0%| F|  |TAMS 0x0000000085000000, 0x0000000085000000| Untracked 
|  51|0x0000000085100000, 0x0000000085100000, 0x0000000085200000|  0%| F|  |TAMS 0x0000000085100000, 0x0000000085100000| Untracked 
|  52|0x0000000085200000, 0x0000000085200000, 0x0000000085300000|  0%| F|  |TAMS 0x0000000085200000, 0x0000000085200000| Untracked 
|  53|0x0000000085300000, 0x0000000085300000, 0x0000000085400000|  0%| F|  |TAMS 0x0000000085300000, 0x0000000085300000| Untracked 
|  54|0x0000000085400000, 0x0000000085400000, 0x0000000085500000|  0%| F|  |TAMS 0x0000000085400000, 0x0000000085400000| Untracked 
|  55|0x0000000085500000, 0x0000000085500000, 0x0000000085600000|  0%| F|  |TAMS 0x0000000085500000, 0x0000000085500000| Untracked 
|  56|0x0000000085600000, 0x0000000085600000, 0x0000000085700000|  0%| F|  |TAMS 0x0000000085600000, 0x0000000085600000| Untracked 
|  57|0x0000000085700000, 0x0000000085700000, 0x0000000085800000|  0%| F|  |TAMS 0x0000000085700000, 0x0000000085700000| Untracked 
|  58|0x0000000085800000, 0x0000000085800000, 0x0000000085900000|  0%| F|  |TAMS 0x0000000085800000, 0x0000000085800000| Untracked 
|  59|0x0000000085900000, 0x0000000085900000, 0x0000000085a00000|  0%| F|  |TAMS 0x0000000085900000, 0x0000000085900000| Untracked 
|  60|0x0000000085a00000, 0x0000000085a00000, 0x0000000085b00000|  0%| F|  |TAMS 0x0000000085a00000, 0x0000000085a00000| Untracked 
|  61|0x0000000085b00000, 0x0000000085b00000, 0x0000000085c00000|  0%| F|  |TAMS 0x0000000085b00000, 0x0000000085b00000| Untracked 
|  62|0x0000000085c00000, 0x0000000085c00000, 0x0000000085d00000|  0%| F|  |TAMS 0x0000000085c00000, 0x0000000085c00000| Untracked 
|  63|0x0000000085d00000, 0x0000000085d00000, 0x0000000085e00000|  0%| F|  |TAMS 0x0000000085d00000, 0x0000000085d00000| Untracked 
|  64|0x0000000085e00000, 0x0000000085e00000, 0x0000000085f00000|  0%| F|  |TAMS 0x0000000085e00000, 0x0000000085e00000| Untracked 
|  65|0x0000000085f00000, 0x0000000085f00000, 0x0000000086000000|  0%| F|  |TAMS 0x0000000085f00000, 0x0000000085f00000| Untracked 
|  66|0x0000000086000000, 0x0000000086000000, 0x0000000086100000|  0%| F|  |TAMS 0x0000000086000000, 0x0000000086000000| Untracked 
|  67|0x0000000086100000, 0x0000000086100000, 0x0000000086200000|  0%| F|  |TAMS 0x0000000086100000, 0x0000000086100000| Untracked 
|  68|0x0000000086200000, 0x0000000086200000, 0x0000000086300000|  0%| F|  |TAMS 0x0000000086200000, 0x0000000086200000| Untracked 
|  69|0x0000000086300000, 0x0000000086300000, 0x0000000086400000|  0%| F|  |TAMS 0x0000000086300000, 0x0000000086300000| Untracked 
|  70|0x0000000086400000, 0x0000000086400000, 0x0000000086500000|  0%| F|  |TAMS 0x0000000086400000, 0x0000000086400000| Untracked 
|  71|0x0000000086500000, 0x0000000086500000, 0x0000000086600000|  0%| F|  |TAMS 0x0000000086500000, 0x0000000086500000| Untracked 
|  72|0x0000000086600000, 0x0000000086600000, 0x0000000086700000|  0%| F|  |TAMS 0x0000000086600000, 0x0000000086600000| Untracked 
|  73|0x0000000086700000, 0x0000000086700000, 0x0000000086800000|  0%| F|  |TAMS 0x0000000086700000, 0x0000000086700000| Untracked 
|  74|0x0000000086800000, 0x0000000086800000, 0x0000000086900000|  0%| F|  |TAMS 0x0000000086800000, 0x0000000086800000| Untracked 
|  75|0x0000000086900000, 0x0000000086900000, 0x0000000086a00000|  0%| F|  |TAMS 0x0000000086900000, 0x0000000086900000| Untracked 
|  76|0x0000000086a00000, 0x0000000086a00000, 0x0000000086b00000|  0%| F|  |TAMS 0x0000000086a00000, 0x0000000086a00000| Untracked 
|  77|0x0000000086b00000, 0x0000000086b00000, 0x0000000086c00000|  0%| F|  |TAMS 0x0000000086b00000, 0x0000000086b00000| Untracked 
|  78|0x0000000086c00000, 0x0000000086c00000, 0x0000000086d00000|  0%| F|  |TAMS 0x0000000086c00000, 0x0000000086c00000| Untracked 
|  79|0x0000000086d00000, 0x0000000086d00000, 0x0000000086e00000|  0%| F|  |TAMS 0x0000000086d00000, 0x0000000086d00000| Untracked 
|  80|0x0000000086e00000, 0x0000000086e00000, 0x0000000086f00000|  0%| F|  |TAMS 0x0000000086e00000, 0x0000000086e00000| Untracked 
|  81|0x0000000086f00000, 0x0000000086f00000, 0x0000000087000000|  0%| F|  |TAMS 0x0000000086f00000, 0x0000000086f00000| Untracked 
|  82|0x0000000087000000, 0x0000000087000000, 0x0000000087100000|  0%| F|  |TAMS 0x0000000087000000, 0x0000000087000000| Untracked 
|  83|0x0000000087100000, 0x0000000087100000, 0x0000000087200000|  0%| F|  |TAMS 0x0000000087100000, 0x0000000087100000| Untracked 
|  84|0x0000000087200000, 0x0000000087200000, 0x0000000087300000|  0%| F|  |TAMS 0x0000000087200000, 0x0000000087200000| Untracked 
|  85|0x0000000087300000, 0x0000000087300000, 0x0000000087400000|  0%| F|  |TAMS 0x0000000087300000, 0x0000000087300000| Untracked 
|  86|0x0000000087400000, 0x0000000087400000, 0x0000000087500000|  0%| F|  |TAMS 0x0000000087400000, 0x0000000087400000| Untracked 
|  87|0x0000000087500000, 0x0000000087500000, 0x0000000087600000|  0%| F|  |TAMS 0x0000000087500000, 0x0000000087500000| Untracked 
|  88|0x0000000087600000, 0x0000000087600000, 0x0000000087700000|  0%| F|  |TAMS 0x0000000087600000, 0x0000000087600000| Untracked 
|  89|0x0000000087700000, 0x0000000087700000, 0x0000000087800000|  0%| F|  |TAMS 0x0000000087700000, 0x0000000087700000| Untracked 
|  90|0x0000000087800000, 0x0000000087800000, 0x0000000087900000|  0%| F|  |TAMS 0x0000000087800000, 0x0000000087800000| Untracked 
|  91|0x0000000087900000, 0x0000000087900000, 0x0000000087a00000|  0%| F|  |TAMS 0x0000000087900000, 0x0000000087900000| Untracked 
|  92|0x0000000087a00000, 0x0000000087a00000, 0x0000000087b00000|  0%| F|  |TAMS 0x0000000087a00000, 0x0000000087a00000| Untracked 
|  93|0x0000000087b00000, 0x0000000087b00000, 0x0000000087c00000|  0%| F|  |TAMS 0x0000000087b00000, 0x0000000087b00000| Untracked 
|  94|0x0000000087c00000, 0x0000000087c00000, 0x0000000087d00000|  0%| F|  |TAMS 0x0000000087c00000, 0x0000000087c00000| Untracked 
|  95|0x0000000087d00000, 0x0000000087d00000, 0x0000000087e00000|  0%| F|  |TAMS 0x0000000087d00000, 0x0000000087d00000| Untracked 
|  96|0x0000000087e00000, 0x0000000087e00000, 0x0000000087f00000|  0%| F|  |TAMS 0x0000000087e00000, 0x0000000087e00000| Untracked 
|  97|0x0000000087f00000, 0x0000000087f00000, 0x0000000088000000|  0%| F|  |TAMS 0x0000000087f00000, 0x0000000087f00000| Untracked 
|  98|0x0000000088000000, 0x0000000088000000, 0x0000000088100000|  0%| F|  |TAMS 0x0000000088000000, 0x0000000088000000| Untracked 
|  99|0x0000000088100000, 0x0000000088100000, 0x0000000088200000|  0%| F|  |TAMS 0x0000000088100000, 0x0000000088100000| Untracked 
| 100|0x0000000088200000, 0x0000000088200000, 0x0000000088300000|  0%| F|  |TAMS 0x0000000088200000, 0x0000000088200000| Untracked 
| 101|0x0000000088300000, 0x0000000088300000, 0x0000000088400000|  0%| F|  |TAMS 0x0000000088300000, 0x0000000088300000| Untracked 
| 102|0x0000000088400000, 0x0000000088400000, 0x0000000088500000|  0%| F|  |TAMS 0x0000000088400000, 0x0000000088400000| Untracked 
| 103|0x0000000088500000, 0x0000000088500000, 0x0000000088600000|  0%| F|  |TAMS 0x0000000088500000, 0x0000000088500000| Untracked 
| 104|0x0000000088600000, 0x0000000088600000, 0x0000000088700000|  0%| F|  |TAMS 0x0000000088600000, 0x0000000088600000| Untracked 
| 105|0x0000000088700000, 0x0000000088700000, 0x0000000088800000|  0%| F|  |TAMS 0x0000000088700000, 0x0000000088700000| Untracked 
| 106|0x0000000088800000, 0x0000000088800000, 0x0000000088900000|  0%| F|  |TAMS 0x0000000088800000, 0x0000000088800000| Untracked 
| 107|0x0000000088900000, 0x0000000088900000, 0x0000000088a00000|  0%| F|  |TAMS 0x0000000088900000, 0x0000000088900000| Untracked 
| 108|0x0000000088a00000, 0x0000000088a00000, 0x0000000088b00000|  0%| F|  |TAMS 0x0000000088a00000, 0x0000000088a00000| Untracked 
| 109|0x0000000088b00000, 0x0000000088b00000, 0x0000000088c00000|  0%| F|  |TAMS 0x0000000088b00000, 0x0000000088b00000| Untracked 
| 110|0x0000000088c00000, 0x0000000088c00000, 0x0000000088d00000|  0%| F|  |TAMS 0x0000000088c00000, 0x0000000088c00000| Untracked 
| 111|0x0000000088d00000, 0x0000000088d00000, 0x0000000088e00000|  0%| F|  |TAMS 0x0000000088d00000, 0x0000000088d00000| Untracked 
| 112|0x0000000088e00000, 0x0000000088f00000, 0x0000000088f00000|100%| S|CS|TAMS 0x0000000088e00000, 0x0000000088e00000| Complete 
| 113|0x0000000088f00000, 0x0000000089000000, 0x0000000089000000|100%| S|CS|TAMS 0x0000000088f00000, 0x0000000088f00000| Complete 
| 114|0x0000000089000000, 0x0000000089000000, 0x0000000089100000|  0%| F|  |TAMS 0x0000000089000000, 0x0000000089000000| Untracked 
| 115|0x0000000089100000, 0x0000000089100000, 0x0000000089200000|  0%| F|  |TAMS 0x0000000089100000, 0x0000000089100000| Untracked 
| 116|0x0000000089200000, 0x0000000089200000, 0x0000000089300000|  0%| F|  |TAMS 0x0000000089200000, 0x0000000089200000| Untracked 
| 117|0x0000000089300000, 0x0000000089300000, 0x0000000089400000|  0%| F|  |TAMS 0x0000000089300000, 0x0000000089300000| Untracked 
| 118|0x0000000089400000, 0x0000000089400000, 0x0000000089500000|  0%| F|  |TAMS 0x0000000089400000, 0x0000000089400000| Untracked 
| 119|0x0000000089500000, 0x0000000089500000, 0x0000000089600000|  0%| F|  |TAMS 0x0000000089500000, 0x0000000089500000| Untracked 
| 120|0x0000000089600000, 0x0000000089600000, 0x0000000089700000|  0%| F|  |TAMS 0x0000000089600000, 0x0000000089600000| Untracked 
| 121|0x0000000089700000, 0x0000000089700000, 0x0000000089800000|  0%| F|  |TAMS 0x0000000089700000, 0x0000000089700000| Untracked 
| 122|0x0000000089800000, 0x0000000089900000, 0x0000000089900000|100%| E|  |TAMS 0x0000000089800000, 0x0000000089800000| Complete 
| 123|0x0000000089900000, 0x0000000089a00000, 0x0000000089a00000|100%| E|CS|TAMS 0x0000000089900000, 0x0000000089900000| Complete 
| 124|0x0000000089a00000, 0x0000000089b00000, 0x0000000089b00000|100%| E|CS|TAMS 0x0000000089a00000, 0x0000000089a00000| Complete 
| 125|0x0000000089b00000, 0x0000000089c00000, 0x0000000089c00000|100%| E|CS|TAMS 0x0000000089b00000, 0x0000000089b00000| Complete 
| 126|0x0000000089c00000, 0x0000000089d00000, 0x0000000089d00000|100%| E|CS|TAMS 0x0000000089c00000, 0x0000000089c00000| Complete 
| 127|0x0000000089d00000, 0x0000000089e00000, 0x0000000089e00000|100%| E|CS|TAMS 0x0000000089d00000, 0x0000000089d00000| Complete 

Card table byte_map: [0x00000157d4330000,0x00000157d4730000] _byte_map_base: 0x00000157d3f21000

Marking Bits (Prev, Next): (CMBitMap*) 0x00000157bcbea358, (CMBitMap*) 0x00000157bcbea390
 Prev Bits: [0x00000157d4b30000, 0x00000157d6ab8000)
 Next Bits: [0x00000157d6ac0000, 0x00000157d8a48000)

Polling page: 0x00000157baa50000

Metaspace:

Usage:
  Non-class:     11.39 MB capacity,    11.29 MB (>99%) used,    89.63 KB ( <1%) free+waste,    12.06 KB ( <1%) overhead. 
      Class:      1.09 MB capacity,     1.01 MB ( 93%) used,    73.49 KB (  7%) free+waste,     4.50 KB ( <1%) overhead. 
       Both:     12.48 MB capacity,    12.30 MB ( 99%) used,   163.12 KB (  1%) free+waste,    16.56 KB ( <1%) overhead. 

Virtual space:
  Non-class space:       12.00 MB reserved,      11.50 MB ( 96%) committed 
      Class space:        1.00 GB reserved,       1.13 MB ( <1%) committed 
             Both:        1.01 GB reserved,      12.63 MB (  1%) committed 

Chunk freelists:
   Non-Class:  14.38 KB
       Class:  640 bytes
        Both:  15.00 KB

CodeHeap 'non-profiled nmethods': size=120064Kb used=779Kb max_used=779Kb free=119284Kb
 bounds [0x00000157cc9f0000, 0x00000157ccc60000, 0x00000157d3f30000]
CodeHeap 'profiled nmethods': size=120000Kb used=2884Kb max_used=2884Kb free=117115Kb
 bounds [0x00000157c54c0000, 0x00000157c57a0000, 0x00000157cc9f0000]
CodeHeap 'non-nmethods': size=5696Kb used=1166Kb max_used=1203Kb free=4529Kb
 bounds [0x00000157c4f30000, 0x00000157c51a0000, 0x00000157c54c0000]
 total_blobs=2266 nmethods=1325 adapters=432
 compilation: enabled
              stopped_count=0, restarted_count=0
 full_count=0

Compilation events (10 events):
Event: 24.984 Thread 0x00000157db7ea800 1321       1       org.lwjgl.opengl.WindowsDisplayPeerInfo::doLockAndInitHandle (1 bytes)
Event: 24.984 Thread 0x00000157db7ea800 nmethod 1321 0x00000157ccab1810 code [0x00000157ccab19c0, 0x00000157ccab1ad8]
Event: 25.001 Thread 0x00000157db7ea800 1322       1       org.lwjgl.opengl.WindowsDisplayPeerInfo::doUnlock (1 bytes)
Event: 25.001 Thread 0x00000157db7ea800 nmethod 1322 0x00000157ccab1b90 code [0x00000157ccab1d40, 0x00000157ccab1e58]
Event: 25.067 Thread 0x00000157db7ea800 1323       1       org.lwjgl.opengl.Display::wasResized (4 bytes)
Event: 25.067 Thread 0x00000157db7ea800 nmethod 1323 0x00000157ccab1f10 code [0x00000157ccab20c0, 0x00000157ccab21d8]
Event: 26.051 Thread 0x00000157db7e5800 1324       4       java.nio.HeapByteBuffer::compact (52 bytes)
Event: 26.054 Thread 0x00000157db7e5800 nmethod 1324 0x00000157ccab2290 code [0x00000157ccab2440, 0x00000157ccab2678]
Event: 26.085 Thread 0x00000157db7e5800 1325   !   4       javazoom.jl.decoder.Bitstream::readBytes (66 bytes)
Event: 26.088 Thread 0x00000157db7e5800 nmethod 1325 0x00000157ccab2890 code [0x00000157ccab2a40, 0x00000157ccab2b98]

GC Heap History (2 events):
Event: 2.112 GC heap before
{Heap before GC invocations=0 (full 0):
 garbage-first heap   total 131072K, used 17408K [0x0000000081e00000, 0x0000000100000000)
  region size 1024K, 14 young (14336K), 0 survivors (0K)
 Metaspace       used 11679K, capacity 11805K, committed 12160K, reserved 1060864K
  class space    used 982K, capacity 1046K, committed 1152K, reserved 1048576K
}
Event: 2.125 GC heap after
{Heap after GC invocations=1 (full 0):
 garbage-first heap   total 131072K, used 2619K [0x0000000081e00000, 0x0000000100000000)
  region size 1024K, 2 young (2048K), 2 survivors (2048K)
 Metaspace       used 11679K, capacity 11805K, committed 12160K, reserved 1060864K
  class space    used 982K, capacity 1046K, committed 1152K, reserved 1048576K
}

Deoptimization events (10 events):
Event: 3.603 Thread 0x00000157dc293000 Uncommon trap: reason=unstable_if action=reinterpret pc=0x00000157cca3dac4 method=javazoom.jl.decoder.LayerIIIDecoder.hybrid(II)V @ 32 c2
Event: 3.604 Thread 0x00000157dc293000 Uncommon trap: reason=unstable_if action=reinterpret pc=0x00000157cca4b8b8 method=javazoom.jl.decoder.LayerIIIDecoder.antialias(II)V @ 21 c2
Event: 3.604 Thread 0x00000157dc293000 Uncommon trap: reason=unstable_if action=reinterpret pc=0x00000157cca3c5b4 method=javazoom.jl.decoder.LayerIIIDecoder.hybrid(II)V @ 32 c2
Event: 3.606 Thread 0x00000157dc293000 Uncommon trap: reason=profile_predicate action=maybe_recompile pc=0x00000157cca3eb98 method=javazoom.jl.decoder.LayerIIIDecoder.dequantize_sample([[FII)V @ 370 c2
Event: 3.606 Thread 0x00000157dc293000 Uncommon trap: reason=profile_predicate action=maybe_recompile pc=0x00000157cca3eb98 method=javazoom.jl.decoder.LayerIIIDecoder.dequantize_sample([[FII)V @ 370 c2
Event: 3.606 Thread 0x00000157dc293000 Uncommon trap: reason=unstable_if action=reinterpret pc=0x00000157cca4f5cc method=javazoom.jl.decoder.LayerIIIDecoder.inv_mdct([F[FI)V @ 56 c2
Event: 3.608 Thread 0x00000157dc293000 Uncommon trap: reason=profile_predicate action=maybe_recompile pc=0x00000157cca3eb98 method=javazoom.jl.decoder.LayerIIIDecoder.dequantize_sample([[FII)V @ 370 c2
Event: 3.608 Thread 0x00000157dc293000 Uncommon trap: reason=profile_predicate action=maybe_recompile pc=0x00000157cca3eb98 method=javazoom.jl.decoder.LayerIIIDecoder.dequantize_sample([[FII)V @ 370 c2
Event: 3.629 Thread 0x00000157dc293000 Uncommon trap: reason=unstable_if action=reinterpret pc=0x00000157cca60efc method=javazoom.jl.decoder.huffcodetab.huffman_decoder(Ljavazoom/jl/decoder/huffcodetab;[I[I[I[ILjavazoom/jl/decoder/BitReserve;)I @ 27 c2
Event: 11.817 Thread 0x00000157dc293000 Uncommon trap: reason=unstable_if action=reinterpret pc=0x00000157cca8fc70 method=com.badlogic.gdx.backends.lwjgl.LwjglInput.getLwjglKeyCode(I)I @ 1 c2

Classes redefined (0 events):
No events

Internal exceptions (9 events):
Event: 0.441 Thread 0x00000157bcbaf000 Exception <a 'java/lang/NoSuchMethodError'{0x0000000089afc7a0}: java.lang.invoke.DirectMethodHandle$Holder.invokeStaticInit(Ljava/lang/Object;IIII)Ljava/lang/Object;> (0x0000000089afc7a0) thrown at [t:/workspace/open/src/hotspot/share/interpreter/linkReso
Event: 0.630 Thread 0x00000157bcbaf000 Exception <a 'java/lang/NoSuchMethodError'{0x0000000089999f30}: java.lang.invoke.DirectMethodHandle$Holder.invokeStaticInit(Ljava/lang/Object;Ljava/lang/Object;IIII)Ljava/lang/Object;> (0x0000000089999f30) thrown at [t:/workspace/open/src/hotspot/share/in
Event: 0.713 Thread 0x00000157bcbaf000 Exception <a 'java/security/PrivilegedActionException'{0x0000000089829718}> (0x0000000089829718) thrown at [t:/workspace/open/src/hotspot/share/prims/jvm.cpp, line 1296]
Event: 0.713 Thread 0x00000157bcbaf000 Exception <a 'java/security/PrivilegedActionException'{0x000000008982bef8}> (0x000000008982bef8) thrown at [t:/workspace/open/src/hotspot/share/prims/jvm.cpp, line 1296]
Event: 0.713 Thread 0x00000157bcbaf000 Exception <a 'java/security/PrivilegedActionException'{0x000000008982ceb0}> (0x000000008982ceb0) thrown at [t:/workspace/open/src/hotspot/share/prims/jvm.cpp, line 1296]
Event: 0.719 Thread 0x00000157bcbaf000 Exception <a 'java/security/PrivilegedActionException'{0x000000008983db70}> (0x000000008983db70) thrown at [t:/workspace/open/src/hotspot/share/prims/jvm.cpp, line 1296]
Event: 0.719 Thread 0x00000157bcbaf000 Exception <a 'java/security/PrivilegedActionException'{0x000000008983e730}> (0x000000008983e730) thrown at [t:/workspace/open/src/hotspot/share/prims/jvm.cpp, line 1296]
Event: 0.719 Thread 0x00000157bcbaf000 Exception <a 'java/security/PrivilegedActionException'{0x000000008983f2b0}> (0x000000008983f2b0) thrown at [t:/workspace/open/src/hotspot/share/prims/jvm.cpp, line 1296]
Event: 1.806 Thread 0x00000157dc293000 Exception <a 'java/lang/NoSuchMethodError'{0x00000000892eb7c8}: java.lang.invoke.DirectMethodHandle$Holder.invokeSpecialIFC(Ljava/lang/Object;Ljava/lang/Object;I)I> (0x00000000892eb7c8) thrown at [t:/workspace/open/src/hotspot/share/interpreter/linkResolv

Events (10 events):
Event: 4.552 loading class com/badlogic/gdx/utils/Array$ArrayIterator done
Event: 4.552 loading class java/util/NoSuchElementException
Event: 4.552 loading class java/util/NoSuchElementException done
Event: 11.817 Thread 0x00000157dc293000 Uncommon trap: trap_request=0xffffff4d fr.pc=0x00000157cca8fc70 relative=0x00000000000000d0
Event: 11.817 Thread 0x00000157dc293000 DEOPT PACKING pc=0x00000157cca8fc70 sp=0x000000044d3ff030
Event: 11.817 Thread 0x00000157dc293000 DEOPT UNPACKING pc=0x00000157c4f58f2f sp=0x000000044d3fefb8 mode 2
Event: 18.751 Thread 0x00000157dc293000 DEOPT PACKING pc=0x00000157c56b627b sp=0x000000044d3fede0
Event: 18.751 Thread 0x00000157dc293000 DEOPT UNPACKING pc=0x00000157c4f58d4e sp=0x000000044d3fe250 mode 0
Event: 26.222 loading class com/badlogic/gdx/backends/lwjgl/LwjglApplication$2
Event: 26.222 loading class com/badlogic/gdx/backends/lwjgl/LwjglApplication$2 done


Dynamic libraries:
0x00007ff64b360000 - 0x00007ff64b3a7000 	C:\Program Files\Java\jdk-11.0.6\bin\java.exe
0x00007ff993e20000 - 0x00007ff994010000 	C:\Windows\SYSTEM32\ntdll.dll
0x00007ff993020000 - 0x00007ff9930d2000 	C:\Windows\System32\KERNEL32.DLL
0x00007ff990ee0000 - 0x00007ff991183000 	C:\Windows\System32\KERNELBASE.dll
0x00007ff992f00000 - 0x00007ff992fa3000 	C:\Windows\System32\ADVAPI32.dll
0x00007ff9921b0000 - 0x00007ff99224e000 	C:\Windows\System32\msvcrt.dll
0x00007ff991690000 - 0x00007ff991727000 	C:\Windows\System32\sechost.dll
0x00007ff991540000 - 0x00007ff991660000 	C:\Windows\System32\RPCRT4.dll
0x00007ff993af0000 - 0x00007ff993c84000 	C:\Windows\System32\USER32.dll
0x00007ff9911e0000 - 0x00007ff991201000 	C:\Windows\System32\win32u.dll
0x00007ff9931c0000 - 0x00007ff9931e6000 	C:\Windows\System32\GDI32.dll
0x00007ff991210000 - 0x00007ff9913a4000 	C:\Windows\System32\gdi32full.dll
0x00007ff990420000 - 0x00007ff9904be000 	C:\Windows\System32\msvcp_win.dll
0x00007ff991440000 - 0x00007ff99153a000 	C:\Windows\System32\ucrtbase.dll
0x00007ff989080000 - 0x00007ff98908a000 	C:\Windows\SYSTEM32\VERSION.dll
0x00007ff983a10000 - 0x00007ff983c95000 	C:\Windows\WinSxS\amd64_microsoft.windows.common-controls_6595b64144ccf1df_6.0.18362.720_none_e6beb5c51314836b\COMCTL32.dll
0x00007ff992750000 - 0x00007ff992a86000 	C:\Windows\System32\combase.dll
0x00007ff990c40000 - 0x00007ff990cc0000 	C:\Windows\System32\bcryptPrimitives.dll
0x00007ff991f20000 - 0x00007ff991f4e000 	C:\Windows\System32\IMM32.DLL
0x00007ff974c70000 - 0x00007ff974c86000 	C:\Program Files\Java\jdk-11.0.6\bin\vcruntime140.dll
0x00007ff974bc0000 - 0x00007ff974c6a000 	C:\Program Files\Java\jdk-11.0.6\bin\msvcp140.dll
0x00007ff9377d0000 - 0x00007ff9382f9000 	C:\Program Files\Java\jdk-11.0.6\bin\server\jvm.dll
0x00007ff9931f0000 - 0x00007ff9931f8000 	C:\Windows\System32\PSAPI.DLL
0x00007ff978220000 - 0x00007ff978229000 	C:\Windows\SYSTEM32\WSOCK32.dll
0x00007ff991730000 - 0x00007ff99179f000 	C:\Windows\System32\WS2_32.dll
0x00007ff98e510000 - 0x00007ff98e534000 	C:\Windows\SYSTEM32\WINMM.dll
0x00007ff98e4e0000 - 0x00007ff98e50d000 	C:\Windows\SYSTEM32\winmmbase.dll
0x00007ff991190000 - 0x00007ff9911da000 	C:\Windows\System32\cfgmgr32.dll
0x00007ff990400000 - 0x00007ff990411000 	C:\Windows\System32\kernel.appcore.dll
0x00007ff974ba0000 - 0x00007ff974bb1000 	C:\Program Files\Java\jdk-11.0.6\bin\verify.dll
0x00007ff988210000 - 0x00007ff988404000 	C:\Windows\SYSTEM32\DBGHELP.DLL
0x00007ff9881e0000 - 0x00007ff98820a000 	C:\Windows\SYSTEM32\dbgcore.DLL
0x00007ff974af0000 - 0x00007ff974b19000 	C:\Program Files\Java\jdk-11.0.6\bin\java.dll
0x00007ff981cc0000 - 0x00007ff981cef000 	C:\Program Files\Java\jdk-11.0.6\bin\instrument.dll
0x00007ff972ed0000 - 0x00007ff972ee6000 	C:\Program Files\Java\jdk-11.0.6\bin\zip.dll
0x00007ff98caf0000 - 0x00007ff98cafa000 	C:\Program Files\Java\jdk-11.0.6\bin\jimage.dll
0x00007ff993400000 - 0x00007ff993ae5000 	C:\Windows\System32\SHELL32.dll
0x00007ff992100000 - 0x00007ff9921a9000 	C:\Windows\System32\shcore.dll
0x00007ff9904c0000 - 0x00007ff990c40000 	C:\Windows\System32\windows.storage.dll
0x00007ff990360000 - 0x00007ff990383000 	C:\Windows\System32\profapi.dll
0x00007ff990390000 - 0x00007ff9903da000 	C:\Windows\System32\powrprof.dll
0x00007ff990350000 - 0x00007ff990360000 	C:\Windows\System32\UMPDC.dll
0x00007ff993160000 - 0x00007ff9931b2000 	C:\Windows\System32\shlwapi.dll
0x00007ff990e10000 - 0x00007ff990e27000 	C:\Windows\System32\cryptsp.dll
0x00007ff971f20000 - 0x00007ff971f39000 	C:\Program Files\Java\jdk-11.0.6\bin\net.dll
0x00007ff9873c0000 - 0x00007ff9874b1000 	C:\Windows\SYSTEM32\WINHTTP.dll
0x00007ff98fbc0000 - 0x00007ff98fc27000 	C:\Windows\system32\mswsock.dll
0x00007ff971f00000 - 0x00007ff971f13000 	C:\Program Files\Java\jdk-11.0.6\bin\nio.dll
0x00007ff983380000 - 0x00007ff98339a000 	A:\IntelijUltimate\IntelliJ IDEA 2019.1.2\bin\breakgen64.dll
0x0000000065ac0000 - 0x0000000065b0b000 	C:\Users\kadline\AppData\Local\Temp\libgdxkadline\7d76f548\gdx64.dll
0x00007ff98f730000 - 0x00007ff98f763000 	C:\Windows\system32\rsaenh.dll
0x00007ff991410000 - 0x00007ff991436000 	C:\Windows\System32\bcrypt.dll
0x00007ff990270000 - 0x00007ff990295000 	C:\Windows\SYSTEM32\USERENV.dll
0x00007ff98fd90000 - 0x00007ff98fd9c000 	C:\Windows\SYSTEM32\CRYPTBASE.dll
0x00007ff98f8d0000 - 0x00007ff98f90a000 	C:\Windows\SYSTEM32\IPHLPAPI.DLL
0x00007ff991660000 - 0x00007ff991668000 	C:\Windows\System32\NSI.dll
0x00007ff988bd0000 - 0x00007ff988be6000 	C:\Windows\SYSTEM32\dhcpcsvc6.DLL
0x00007ff988aa0000 - 0x00007ff988abc000 	C:\Windows\SYSTEM32\dhcpcsvc.DLL
0x00007ff98f910000 - 0x00007ff98f9da000 	C:\Windows\SYSTEM32\DNSAPI.dll
0x0000000180000000 - 0x0000000180053000 	C:\Users\kadline\AppData\Local\Temp\libgdxkadline\1cecf4f6\lwjgl64.dll
0x00007ff9553b0000 - 0x00007ff955506000 	C:\Windows\SYSTEM32\OPENGL32.dll
0x00007ff955340000 - 0x00007ff95536c000 	C:\Windows\SYSTEM32\GLU32.dll
0x00007ff98efc0000 - 0x00007ff98efe0000 	C:\Windows\SYSTEM32\dxcore.dll
0x00000157bcaf0000 - 0x00000157bcb54000 	C:\Users\kadline\AppData\Local\Temp\libgdxkadline\1cecf4f6\OpenAL64.dll
0x00007ff991dc0000 - 0x00007ff991f17000 	C:\Windows\System32\ole32.dll
0x00007ff98e610000 - 0x00007ff98e6a9000 	C:\Windows\system32\uxtheme.dll
0x00007ff993350000 - 0x00007ff9933f2000 	C:\Windows\System32\clbcatq.dll
0x00007ff957560000 - 0x00007ff9575f9000 	C:\Windows\SYSTEM32\dsound.dll
0x00007ff986860000 - 0x00007ff9868d2000 	C:\Windows\System32\MMDevApi.dll
0x00007ff990150000 - 0x00007ff99017a000 	C:\Windows\System32\DEVOBJ.dll
0x00007ff986080000 - 0x00007ff9861dd000 	C:\Windows\SYSTEM32\AUDIOSES.DLL
0x00007ff991a40000 - 0x00007ff991b04000 	C:\Windows\System32\OLEAUT32.dll
0x00007ff98c380000 - 0x00007ff98c4d3000 	C:\Windows\SYSTEM32\wintypes.dll
0x00007ff98e940000 - 0x00007ff98e954000 	C:\Windows\SYSTEM32\resourcepolicyclient.dll
0x00007ff98be40000 - 0x00007ff98beee000 	C:\Windows\SYSTEM32\mscms.dll
0x00007ff98be20000 - 0x00007ff98be37000 	C:\Windows\SYSTEM32\ColorAdapterClient.dll
0x00007ff993ca0000 - 0x00007ff993dd6000 	C:\Windows\System32\MSCTF.dll
0x00007ff97d480000 - 0x00007ff97d51e000 	C:\Windows\System32\TextInputFramework.dll
0x00007ff98c4e0000 - 0x00007ff98c80a000 	C:\Windows\System32\CoreUIComponents.dll
0x00007ff98f3b0000 - 0x00007ff98f3e1000 	C:\Windows\SYSTEM32\ntmarta.dll
0x00007ff98de60000 - 0x00007ff98df34000 	C:\Windows\System32\CoreMessaging.dll
0x00007ff991b10000 - 0x00007ff991db6000 	C:\Windows\System32\iertutil.dll
0x0000000056b00000 - 0x0000000058d3d000 	C:\Windows\System32\DriverStore\FileRepository\nv_dispi.inf_amd64_c1a085cc86772d3f\nvoglv64.dll
0x00007ff992a90000 - 0x00007ff992f00000 	C:\Windows\System32\SETUPAPI.dll
0x00007ff98ce50000 - 0x00007ff98ce63000 	C:\Windows\SYSTEM32\WTSAPI32.dll
0x00007ff9913b0000 - 0x00007ff99140c000 	C:\Windows\System32\WINTRUST.dll
0x00007ff9903e0000 - 0x00007ff9903f2000 	C:\Windows\System32\MSASN1.dll
0x00007ff990cc0000 - 0x00007ff990e09000 	C:\Windows\System32\CRYPT32.dll
0x00007ff98ea30000 - 0x00007ff98ea5d000 	C:\Windows\system32\dwmapi.dll
0x00007ff97d990000 - 0x00007ff97dc3e000 	C:\Windows\system32\nvspcap64.dll
0x00007ff971d60000 - 0x00007ff971da3000 	C:\Windows\SYSTEM32\icm32.dll
0x00007ff98f420000 - 0x00007ff98f47c000 	C:\Windows\SYSTEM32\WINSTA.dll

dbghelp: loaded successfully - version: 4.0.5 - missing functions: none
symbol engine: initialized successfully - sym options: 0x614 - pdb path: .;C:\Program Files\Java\jdk-11.0.6\bin;C:\Windows\SYSTEM32;C:\Windows\WinSxS\amd64_microsoft.windows.common-controls_6595b64144ccf1df_6.0.18362.720_none_e6beb5c51314836b;C:\Program Files\Java\jdk-11.0.6\bin\server;A:\IntelijUltimate\IntelliJ IDEA 2019.1.2\bin;C:\Users\kadline\AppData\Local\Temp\libgdxkadline\7d76f548;C:\Users\kadline\AppData\Local\Temp\libgdxkadline\1cecf4f6;C:\Windows\System32\DriverStore\FileRepository\nv_dispi.inf_amd64_c1a085cc86772d3f

VM Arguments:
jvm_args: -javaagent:A:\IntelijUltimate\IntelliJ IDEA 2019.1.2\lib\idea_rt.jar=56677:A:\IntelijUltimate\IntelliJ IDEA 2019.1.2\bin -Dfile.encoding=UTF-8 
java_command: org.academiadecodigo.apiores.bravoteam.desktop.DesktopLauncher
java_class_path (initial): C:\Users\kadline\Desktop\hackaton\BravoTeam\b2b\desktop\out\production\classes;C:\Users\kadline\Desktop\hackaton\BravoTeam\b2b\desktop\out\production\resources;C:\Users\kadline\.gradle\caches\modules-2\files-2.1\com.badlogicgames.gdx\gdx-backend-lwjgl\1.9.10\8f88abd43500d94c486d25f04d642318da72773a\gdx-backend-lwjgl-1.9.10.jar;C:\Users\kadline\.gradle\caches\modules-2\files-2.1\com.badlogicgames.gdx\gdx-platform\1.9.10\1907b49f8363dd1ee37d273854a9cc3c741a6e66\gdx-platform-1.9.10-natives-desktop.jar;C:\Users\kadline\.gradle\caches\modules-2\files-2.1\com.badlogicgames.gdx\gdx-box2d-platform\1.9.10\91b19c283b24eec646a18e0e7b940c829920df4f\gdx-box2d-platform-1.9.10-natives-desktop.jar;C:\Users\kadline\.gradle\caches\modules-2\files-2.1\com.badlogicgames.gdx\gdx-freetype-platform\1.9.10\5c4b67db9c1d62383b718ce040c7cdb555d5b19f\gdx-freetype-platform-1.9.10-natives-desktop.jar;C:\Users\kadline\.gradle\caches\modules-2\files-2.1\com.badlogicgames.gdx\gdx-box2d\1.9.10\d68a7a3484d47529a8d23cd467579eb098b38a9e\gdx-box2d-1.9.10.jar;C:\Users\kadline\.gradle\caches\modules-2\files-2.1\com.badlogicgames.gdx\gdx-freetype\1.9.10\8853e4f08589a9feb4b851187909cfde8810e491\gdx-freetype-1.9.10.jar;C:\Users\kadline\.gradle\caches\modules-2\files-2.1\com.badlogicgames.gdx\gdx\1.9.10\79d9ad27bd5e3eb18c9ade61d3a27d7237695d53\gdx-1.9.10.jar;C:\Users\kadline\.gradle\caches\modules-2\files-2.1\org.lwjgl.lwjgl\lwjgl_util\2.9.3\751f06b62424da056954c67288fd5c494431e350\lwjgl_util-2.9.3.jar;C:\Users\kadline\.gradle\caches\modules-2\files-2.1\org.lwjgl.lwjgl\lwjgl\2.9.3\3df168ac74e4a8c96562cdff24ad352e255bf89c\lwjgl-2.9.3.jar;C:\Users\kadline\.gradle\caches\modules-2\files-2.1\com.badlogicgames.jlayer\jlayer\1.0.1-gdx\7cca83cec5c1b2f011362f4d85aabd71a73b049d\jlayer-1.0.1-gdx.jar;C:\Users\kadline\.gradle\caches\modules-2\files-2.1\org.jcraft\jorbis\0.0.17\8872d22b293e8f5d7d56ff92be966e6dc28ebdc6\jorbis-0.0.17.jar;C:\Users\kadline\.gradle\caches\modules-2\files-2.1\org.lw
Launcher Type: SUN_STANDARD

[Global flags]
     intx CICompilerCount                          = 3                                         {product} {ergonomic}
     uint ConcGCThreads                            = 1                                         {product} {ergonomic}
     uint G1ConcRefinementThreads                  = 4                                         {product} {ergonomic}
   size_t G1HeapRegionSize                         = 1048576                                   {product} {ergonomic}
    uintx GCDrainStackTargetSize                   = 64                                        {product} {ergonomic}
   size_t InitialHeapSize                          = 134217728                                 {product} {ergonomic}
   size_t MarkStackSize                            = 4194304                                   {product} {ergonomic}
   size_t MaxHeapSize                              = 2116026368                                {product} {ergonomic}
   size_t MaxNewSize                               = 1268776960                                {product} {ergonomic}
   size_t MinHeapDeltaBytes                        = 1048576                                   {product} {ergonomic}
    uintx NonNMethodCodeHeapSize                   = 5830732                                {pd product} {ergonomic}
    uintx NonProfiledCodeHeapSize                  = 122913754                              {pd product} {ergonomic}
    uintx ProfiledCodeHeapSize                     = 122913754                              {pd product} {ergonomic}
    uintx ReservedCodeCacheSize                    = 251658240                              {pd product} {ergonomic}
     bool SegmentedCodeCache                       = true                                      {product} {ergonomic}
     bool UseCompressedClassPointers               = true                                 {lp64_product} {ergonomic}
     bool UseCompressedOops                        = true                                 {lp64_product} {ergonomic}
     bool UseG1GC                                  = true                                      {product} {ergonomic}
     bool UseLargePagesIndividualAllocation        = false                                  {pd product} {ergonomic}

Logging:
Log output configuration:
 #0: stdout all=warning uptime,level,tags
 #1: stderr all=off uptime,level,tags

Environment Variables:
JAVA_HOME=A:\Program Files\Java\jdk-14
JRE_HOME=C:\Program Files\Java\jre1.8.0_241
PATH=C:\Program Files\MySQL\MySQL Server 8.0\bin;a:\Program Files\Git\cmd;C:\Users\kadline\scoop\apps\nodejs\current\bin;C:\Users\kadline\scoop\apps\nodejs\current;C:\Users\kadline\scoop\apps\maven\current\bin;C:\Users\kadline\scoop\shims;C:\Program Files\Java\jdk1.8.0_241\bin;C:\Program Files\MySQL\MySQL Server 8.0\bin;C:\Users\kadline\scoop\apps\maven\3.6.3\bin;a:\Users\kadline\AppData\Local\Programs\Microsoft VS Code\bin
USERNAME=kadline
OS=Windows_NT
PROCESSOR_IDENTIFIER=Intel64 Family 6 Model 60 Stepping 3, GenuineIntel



---------------  S Y S T E M  ---------------

OS: Windows 10 , 64 bit Build 18362 (10.0.18362.329)

CPU:total 4 (initial active 4) (2 cores per cpu, 2 threads per core) family 6 model 60 stepping 3, cmov, cx8, fxsr, mmx, sse, sse2, sse3, ssse3, sse4.1, sse4.2, popcnt, avx, avx2, aes, clmul, erms, lzcnt, ht, tsc, tscinvbit, bmi1, bmi2, fma

Memory: 4k page, system-wide physical 8064M (1899M free)
TotalPageFile size 14307M (AvailPageFile size 2308M)
current process WorkingSet (physical memory assigned to process): 125M, peak: 149M
current process commit charge ("private bytes"): 316M, peak: 342M

vm_info: Java HotSpot(TM) 64-Bit Server VM (11.0.6+8-LTS) for windows-amd64 JRE (11.0.6+8-LTS), built on Dec 11 2019 09:17:57 by "mach5one" with MS VC++ 15.5 (VS2017)

END.
